2018-03-15 03:11:40,723:INFO: Loading the datasets...
2018-03-15 03:11:41,065:INFO: - done.
2018-03-15 03:11:43,551:INFO: Starting training for 35 epoch(s)
2018-03-15 03:11:43,551:INFO: Epoch 1/35
2018-03-15 03:35:20,612:INFO: - Train metrics: accuracy: 0.388 ; loss: 1.672
2018-03-15 03:35:32,009:INFO: - Eval metrics : accuracy: 0.295 ; loss: 1.973
2018-03-15 03:35:32,637:INFO: - Found new best accuracy
2018-03-15 03:35:32,638:INFO: Epoch 2/35
2018-03-15 03:59:00,470:INFO: - Train metrics: accuracy: 0.487 ; loss: 1.449
2018-03-15 03:59:11,812:INFO: - Eval metrics : accuracy: 0.440 ; loss: 1.583
2018-03-15 03:59:16,766:INFO: - Found new best accuracy
2018-03-15 03:59:16,777:INFO: Epoch 3/35
2018-03-15 04:22:26,501:INFO: - Train metrics: accuracy: 0.562 ; loss: 1.217
2018-03-15 04:22:37,726:INFO: - Eval metrics : accuracy: 0.403 ; loss: 1.890
2018-03-15 04:22:39,901:INFO: Epoch 4/35
2018-03-15 04:45:36,160:INFO: - Train metrics: accuracy: 0.670 ; loss: 0.995
2018-03-15 04:45:47,334:INFO: - Eval metrics : accuracy: 0.541 ; loss: 1.347
2018-03-15 04:45:52,305:INFO: - Found new best accuracy
2018-03-15 04:45:52,310:INFO: Epoch 5/35
2018-03-15 05:08:43,657:INFO: - Train metrics: accuracy: 0.710 ; loss: 0.863
2018-03-15 05:08:54,829:INFO: - Eval metrics : accuracy: 0.505 ; loss: 1.688
2018-03-15 05:08:56,998:INFO: Epoch 6/35
2018-03-15 05:31:44,293:INFO: - Train metrics: accuracy: 0.727 ; loss: 0.822
2018-03-15 05:31:55,441:INFO: - Eval metrics : accuracy: 0.656 ; loss: 1.008
2018-03-15 05:32:00,411:INFO: - Found new best accuracy
2018-03-15 05:32:00,411:INFO: Epoch 7/35
2018-03-15 05:54:46,193:INFO: - Train metrics: accuracy: 0.766 ; loss: 0.709
2018-03-15 05:54:57,323:INFO: - Eval metrics : accuracy: 0.546 ; loss: 1.485
2018-03-15 05:54:59,498:INFO: Epoch 8/35
2018-03-15 06:17:43,900:INFO: - Train metrics: accuracy: 0.795 ; loss: 0.623
2018-03-15 06:17:55,046:INFO: - Eval metrics : accuracy: 0.590 ; loss: 1.410
2018-03-15 06:17:57,217:INFO: Epoch 9/35
2018-03-15 06:40:40,878:INFO: - Train metrics: accuracy: 0.823 ; loss: 0.538
2018-03-15 06:40:52,013:INFO: - Eval metrics : accuracy: 0.708 ; loss: 0.900
2018-03-15 06:40:56,977:INFO: - Found new best accuracy
2018-03-15 06:40:56,977:INFO: Epoch 10/35
2018-03-15 07:03:39,054:INFO: - Train metrics: accuracy: 0.837 ; loss: 0.504
2018-03-15 07:03:50,242:INFO: - Eval metrics : accuracy: 0.659 ; loss: 1.145
2018-03-15 07:03:52,414:INFO: Epoch 11/35
2018-03-15 07:26:33,610:INFO: - Train metrics: accuracy: 0.854 ; loss: 0.472
2018-03-15 07:26:44,731:INFO: - Eval metrics : accuracy: 0.646 ; loss: 1.240
2018-03-15 07:26:46,949:INFO: Epoch 12/35
2018-03-15 07:49:27,299:INFO: - Train metrics: accuracy: 0.833 ; loss: 0.479
2018-03-15 07:49:38,389:INFO: - Eval metrics : accuracy: 0.772 ; loss: 0.757
2018-03-15 07:49:43,352:INFO: - Found new best accuracy
2018-03-15 07:49:43,352:INFO: Epoch 13/35
2018-03-15 08:12:24,898:INFO: - Train metrics: accuracy: 0.840 ; loss: 0.474
2018-03-15 08:12:36,050:INFO: - Eval metrics : accuracy: 0.563 ; loss: 1.832
2018-03-15 08:12:38,216:INFO: Epoch 14/35
2018-03-15 08:35:19,487:INFO: - Train metrics: accuracy: 0.879 ; loss: 0.401
2018-03-15 08:35:30,608:INFO: - Eval metrics : accuracy: 0.793 ; loss: 0.638
2018-03-15 08:35:35,573:INFO: - Found new best accuracy
2018-03-15 08:35:35,579:INFO: Epoch 15/35
2018-03-15 08:58:15,881:INFO: - Train metrics: accuracy: 0.862 ; loss: 0.382
2018-03-15 08:58:26,997:INFO: - Eval metrics : accuracy: 0.823 ; loss: 0.555
2018-03-15 08:58:31,958:INFO: - Found new best accuracy
2018-03-15 08:58:31,959:INFO: Epoch 16/35
2018-03-15 09:21:12,915:INFO: - Train metrics: accuracy: 0.877 ; loss: 0.394
2018-03-15 09:21:24,007:INFO: - Eval metrics : accuracy: 0.690 ; loss: 1.001
2018-03-15 09:21:26,173:INFO: Epoch 17/35
2018-03-15 09:44:06,430:INFO: - Train metrics: accuracy: 0.868 ; loss: 0.377
2018-03-15 09:44:17,540:INFO: - Eval metrics : accuracy: 0.689 ; loss: 1.129
2018-03-15 09:44:19,713:INFO: Epoch 18/35
2018-03-15 10:07:00,140:INFO: - Train metrics: accuracy: 0.873 ; loss: 0.369
2018-03-15 10:07:11,288:INFO: - Eval metrics : accuracy: 0.554 ; loss: 1.631
2018-03-15 10:07:13,459:INFO: Epoch 19/35
2018-03-15 10:29:54,313:INFO: - Train metrics: accuracy: 0.869 ; loss: 0.384
2018-03-15 10:30:05,366:INFO: - Eval metrics : accuracy: 0.487 ; loss: 2.702
2018-03-15 10:30:07,545:INFO: Epoch 20/35
2018-03-15 10:52:48,340:INFO: - Train metrics: accuracy: 0.881 ; loss: 0.334
2018-03-15 10:52:59,435:INFO: - Eval metrics : accuracy: 0.727 ; loss: 0.963
2018-03-15 10:53:01,604:INFO: Epoch 21/35
2018-03-15 11:15:41,186:INFO: - Train metrics: accuracy: 0.890 ; loss: 0.347
2018-03-15 11:15:52,332:INFO: - Eval metrics : accuracy: 0.544 ; loss: 2.078
2018-03-15 11:15:54,500:INFO: Epoch 22/35
2018-03-15 11:38:33,459:INFO: - Train metrics: accuracy: 0.866 ; loss: 0.388
2018-03-15 11:38:44,559:INFO: - Eval metrics : accuracy: 0.635 ; loss: 1.420
2018-03-15 11:38:46,728:INFO: Epoch 23/35
2018-03-15 12:01:26,369:INFO: - Train metrics: accuracy: 0.889 ; loss: 0.333
2018-03-15 12:01:37,503:INFO: - Eval metrics : accuracy: 0.849 ; loss: 0.474
2018-03-15 12:01:42,471:INFO: - Found new best accuracy
2018-03-15 12:01:42,472:INFO: Epoch 24/35
2018-03-15 12:24:20,936:INFO: - Train metrics: accuracy: 0.892 ; loss: 0.332
2018-03-15 12:24:32,078:INFO: - Eval metrics : accuracy: 0.799 ; loss: 0.661
2018-03-15 12:24:34,265:INFO: Epoch 25/35
2018-03-15 12:47:11,967:INFO: - Train metrics: accuracy: 0.896 ; loss: 0.325
2018-03-15 12:47:23,109:INFO: - Eval metrics : accuracy: 0.835 ; loss: 0.550
2018-03-15 12:47:25,297:INFO: Epoch 26/35
2018-03-15 13:10:04,014:INFO: - Train metrics: accuracy: 0.898 ; loss: 0.331
2018-03-15 13:10:15,302:INFO: - Eval metrics : accuracy: 0.772 ; loss: 0.755
2018-03-15 13:10:17,575:INFO: Epoch 27/35
2018-03-15 13:32:55,201:INFO: - Train metrics: accuracy: 0.896 ; loss: 0.323
2018-03-15 13:33:06,307:INFO: - Eval metrics : accuracy: 0.612 ; loss: 1.647
2018-03-15 13:33:08,655:INFO: Epoch 28/35
2018-03-15 13:55:45,486:INFO: - Train metrics: accuracy: 0.892 ; loss: 0.342
2018-03-15 13:55:56,612:INFO: - Eval metrics : accuracy: 0.823 ; loss: 0.586
2018-03-15 13:55:58,798:INFO: Epoch 29/35
2018-03-15 14:18:34,950:INFO: - Train metrics: accuracy: 0.878 ; loss: 0.360
2018-03-15 14:18:46,053:INFO: - Eval metrics : accuracy: 0.835 ; loss: 0.554
2018-03-15 14:18:48,227:INFO: Epoch 30/35
2018-03-15 14:41:21,986:INFO: - Train metrics: accuracy: 0.888 ; loss: 0.333
2018-03-15 14:41:33,068:INFO: - Eval metrics : accuracy: 0.442 ; loss: 2.748
2018-03-15 14:41:35,316:INFO: Epoch 31/35
2018-03-15 15:04:11,711:INFO: - Train metrics: accuracy: 0.906 ; loss: 0.316
2018-03-15 15:04:22,853:INFO: - Eval metrics : accuracy: 0.812 ; loss: 0.608
2018-03-15 15:04:25,027:INFO: Epoch 32/35
2018-03-15 15:26:59,480:INFO: - Train metrics: accuracy: 0.891 ; loss: 0.324
2018-03-15 15:27:10,588:INFO: - Eval metrics : accuracy: 0.745 ; loss: 0.883
2018-03-15 15:27:12,778:INFO: Epoch 33/35
2018-03-15 15:49:47,953:INFO: - Train metrics: accuracy: 0.896 ; loss: 0.318
2018-03-15 15:49:59,059:INFO: - Eval metrics : accuracy: 0.851 ; loss: 0.497
2018-03-15 15:50:04,022:INFO: - Found new best accuracy
2018-03-15 15:50:04,023:INFO: Epoch 34/35
2018-03-15 16:12:38,574:INFO: - Train metrics: accuracy: 0.902 ; loss: 0.290
2018-03-15 16:12:49,700:INFO: - Eval metrics : accuracy: 0.831 ; loss: 0.555
2018-03-15 16:12:51,880:INFO: Epoch 35/35
2018-03-15 16:35:26,657:INFO: - Train metrics: accuracy: 0.900 ; loss: 0.298
2018-03-15 16:35:37,762:INFO: - Eval metrics : accuracy: 0.415 ; loss: 2.956
2018-03-15 16:49:54,939:INFO: Loading the datasets...
2018-03-15 16:49:55,284:INFO: - done.
2018-03-15 16:49:57,752:INFO: Starting training for 35 epoch(s)
2018-03-15 16:49:57,752:INFO: Restoring parameters from experiments/weight_decay/weight_decay_0.00005/last.pth.tar
2018-03-15 16:49:57,941:INFO: Epoch 1/35
2018-03-15 17:12:30,835:INFO: - Train metrics: accuracy: 0.899 ; loss: 0.296
2018-03-15 17:12:41,910:INFO: - Eval metrics : accuracy: 0.860 ; loss: 0.462
2018-03-15 17:12:46,889:INFO: - Found new best accuracy
2018-03-15 17:12:46,889:INFO: Epoch 2/35
2018-03-15 17:35:20,103:INFO: - Train metrics: accuracy: 0.890 ; loss: 0.325
2018-03-15 17:35:31,188:INFO: - Eval metrics : accuracy: 0.603 ; loss: 1.968
2018-03-15 17:35:33,362:INFO: Epoch 3/35
2018-03-15 17:58:09,274:INFO: - Train metrics: accuracy: 0.909 ; loss: 0.284
2018-03-15 17:58:20,404:INFO: - Eval metrics : accuracy: 0.824 ; loss: 0.567
2018-03-15 17:58:22,581:INFO: Epoch 4/35
2018-03-15 18:21:10,135:INFO: - Train metrics: accuracy: 0.900 ; loss: 0.294
2018-03-15 18:21:21,237:INFO: - Eval metrics : accuracy: 0.800 ; loss: 0.674
2018-03-15 18:21:23,443:INFO: Epoch 5/35
2018-03-15 18:43:59,099:INFO: - Train metrics: accuracy: 0.920 ; loss: 0.258
2018-03-15 18:44:10,247:INFO: - Eval metrics : accuracy: 0.697 ; loss: 1.200
2018-03-15 18:44:12,430:INFO: Epoch 6/35
2018-03-15 19:06:47,631:INFO: - Train metrics: accuracy: 0.905 ; loss: 0.311
2018-03-15 19:06:58,710:INFO: - Eval metrics : accuracy: 0.813 ; loss: 0.622
2018-03-15 19:07:00,892:INFO: Epoch 7/35
2018-03-15 19:29:35,294:INFO: - Train metrics: accuracy: 0.901 ; loss: 0.309
2018-03-15 19:29:46,320:INFO: - Eval metrics : accuracy: 0.792 ; loss: 0.683
2018-03-15 19:29:48,506:INFO: Epoch 8/35
2018-03-15 19:52:20,769:INFO: - Train metrics: accuracy: 0.904 ; loss: 0.288
2018-03-15 19:52:31,841:INFO: - Eval metrics : accuracy: 0.854 ; loss: 0.476
2018-03-15 19:52:34,038:INFO: Epoch 9/35
2018-03-15 20:15:07,755:INFO: - Train metrics: accuracy: 0.903 ; loss: 0.285
2018-03-15 20:15:18,860:INFO: - Eval metrics : accuracy: 0.820 ; loss: 0.626
2018-03-15 20:15:21,036:INFO: Epoch 10/35
2018-03-15 20:37:56,867:INFO: - Train metrics: accuracy: 0.914 ; loss: 0.281
2018-03-15 20:38:07,999:INFO: - Eval metrics : accuracy: 0.736 ; loss: 0.911
2018-03-15 20:38:10,178:INFO: Epoch 11/35
2018-03-15 21:00:46,027:INFO: - Train metrics: accuracy: 0.917 ; loss: 0.259
2018-03-15 21:00:57,114:INFO: - Eval metrics : accuracy: 0.776 ; loss: 0.723
2018-03-15 21:00:59,352:INFO: Epoch 12/35
2018-03-15 21:23:35,209:INFO: - Train metrics: accuracy: 0.904 ; loss: 0.279
2018-03-15 21:23:46,334:INFO: - Eval metrics : accuracy: 0.841 ; loss: 0.547
2018-03-15 21:23:48,524:INFO: Epoch 13/35
2018-03-15 21:46:23,427:INFO: - Train metrics: accuracy: 0.904 ; loss: 0.296
2018-03-15 21:46:34,566:INFO: - Eval metrics : accuracy: 0.791 ; loss: 0.767
2018-03-15 21:46:36,757:INFO: Epoch 14/35
2018-03-15 22:09:09,517:INFO: - Train metrics: accuracy: 0.919 ; loss: 0.253
2018-03-15 22:09:20,599:INFO: - Eval metrics : accuracy: 0.739 ; loss: 0.879
2018-03-15 22:09:22,779:INFO: Epoch 15/35
2018-03-15 22:31:52,259:INFO: - Train metrics: accuracy: 0.896 ; loss: 0.292
2018-03-15 22:32:03,362:INFO: - Eval metrics : accuracy: 0.828 ; loss: 0.582
2018-03-15 22:32:05,551:INFO: Epoch 16/35
2018-03-15 22:54:38,820:INFO: - Train metrics: accuracy: 0.896 ; loss: 0.329
2018-03-15 22:54:49,918:INFO: - Eval metrics : accuracy: 0.825 ; loss: 0.552
2018-03-15 22:54:52,099:INFO: Epoch 17/35
2018-03-15 23:17:25,071:INFO: - Train metrics: accuracy: 0.905 ; loss: 0.278
2018-03-15 23:17:36,173:INFO: - Eval metrics : accuracy: 0.717 ; loss: 1.074
2018-03-15 23:17:38,357:INFO: Epoch 18/35
2018-03-15 23:40:10,225:INFO: - Train metrics: accuracy: 0.910 ; loss: 0.272
2018-03-15 23:40:21,357:INFO: - Eval metrics : accuracy: 0.595 ; loss: 1.969
2018-03-15 23:40:23,584:INFO: Epoch 19/35
2018-03-16 00:02:56,055:INFO: - Train metrics: accuracy: 0.918 ; loss: 0.252
2018-03-16 00:03:07,128:INFO: - Eval metrics : accuracy: 0.751 ; loss: 0.891
2018-03-16 00:03:09,310:INFO: Epoch 20/35
2018-03-16 00:25:40,186:INFO: - Train metrics: accuracy: 0.898 ; loss: 0.292
2018-03-16 00:25:51,298:INFO: - Eval metrics : accuracy: 0.830 ; loss: 0.556
2018-03-16 00:25:53,480:INFO: Epoch 21/35
2018-03-16 00:48:25,480:INFO: - Train metrics: accuracy: 0.916 ; loss: 0.257
2018-03-16 00:48:36,550:INFO: - Eval metrics : accuracy: 0.798 ; loss: 0.729
2018-03-16 00:48:38,736:INFO: Epoch 22/35
2018-03-16 01:11:08,396:INFO: - Train metrics: accuracy: 0.896 ; loss: 0.309
2018-03-16 01:11:19,465:INFO: - Eval metrics : accuracy: 0.862 ; loss: 0.466
2018-03-16 01:11:24,623:INFO: - Found new best accuracy
2018-03-16 01:11:24,624:INFO: Epoch 23/35
2018-03-16 01:33:56,001:INFO: - Train metrics: accuracy: 0.911 ; loss: 0.268
2018-03-16 01:34:07,087:INFO: - Eval metrics : accuracy: 0.853 ; loss: 0.495
2018-03-16 01:34:09,278:INFO: Epoch 24/35
2018-03-16 01:56:37,072:INFO: - Train metrics: accuracy: 0.910 ; loss: 0.266
2018-03-16 01:56:48,140:INFO: - Eval metrics : accuracy: 0.846 ; loss: 0.499
2018-03-16 01:56:50,326:INFO: Epoch 25/35
2018-03-16 02:19:18,131:INFO: - Train metrics: accuracy: 0.923 ; loss: 0.244
2018-03-16 02:19:29,215:INFO: - Eval metrics : accuracy: 0.821 ; loss: 0.641
2018-03-16 02:19:31,402:INFO: Epoch 26/35
2018-03-16 02:41:58,029:INFO: - Train metrics: accuracy: 0.917 ; loss: 0.240
2018-03-16 02:42:09,079:INFO: - Eval metrics : accuracy: 0.848 ; loss: 0.503
2018-03-16 02:42:11,338:INFO: Epoch 27/35
2018-03-16 03:04:39,212:INFO: - Train metrics: accuracy: 0.913 ; loss: 0.273
2018-03-16 03:04:50,409:INFO: - Eval metrics : accuracy: 0.736 ; loss: 1.016
2018-03-16 03:04:52,603:INFO: Epoch 28/35
2018-03-16 03:27:21,299:INFO: - Train metrics: accuracy: 0.904 ; loss: 0.261
2018-03-16 03:27:32,332:INFO: - Eval metrics : accuracy: 0.791 ; loss: 0.716
2018-03-16 03:27:34,516:INFO: Epoch 29/35
2018-03-16 03:50:01,415:INFO: - Train metrics: accuracy: 0.909 ; loss: 0.276
2018-03-16 03:50:12,481:INFO: - Eval metrics : accuracy: 0.777 ; loss: 0.783
2018-03-16 03:50:14,669:INFO: Epoch 30/35
2018-03-16 04:12:45,359:INFO: - Train metrics: accuracy: 0.907 ; loss: 0.267
2018-03-16 04:12:56,440:INFO: - Eval metrics : accuracy: 0.850 ; loss: 0.513
2018-03-16 04:12:58,633:INFO: Epoch 31/35
2018-03-16 04:35:32,218:INFO: - Train metrics: accuracy: 0.920 ; loss: 0.258
2018-03-16 04:35:43,301:INFO: - Eval metrics : accuracy: 0.798 ; loss: 0.658
2018-03-16 04:35:45,556:INFO: Epoch 32/35
2018-03-16 04:58:19,435:INFO: - Train metrics: accuracy: 0.914 ; loss: 0.276
2018-03-16 04:58:30,515:INFO: - Eval metrics : accuracy: 0.821 ; loss: 0.585
2018-03-16 04:58:32,690:INFO: Epoch 33/35
2018-03-16 05:21:06,772:INFO: - Train metrics: accuracy: 0.937 ; loss: 0.185
2018-03-16 05:21:17,895:INFO: - Eval metrics : accuracy: 0.844 ; loss: 0.530
2018-03-16 05:21:20,083:INFO: Epoch 34/35
2018-03-16 05:43:53,862:INFO: - Train metrics: accuracy: 0.914 ; loss: 0.244
2018-03-16 05:44:04,978:INFO: - Eval metrics : accuracy: 0.850 ; loss: 0.499
2018-03-16 05:44:07,163:INFO: Epoch 35/35
2018-03-16 06:06:41,759:INFO: - Train metrics: accuracy: 0.918 ; loss: 0.260
2018-03-16 06:06:52,857:INFO: - Eval metrics : accuracy: 0.808 ; loss: 0.659
