2018-03-19 21:22:06,372:INFO: Creating the dataset...
2018-03-19 21:22:06,408:INFO: - done.
2018-03-19 21:22:08,868:INFO: Starting evaluation
2018-03-19 21:22:20,953:INFO: - Eval metrics : accuracy: 0.929 ; loss: 0.293
2018-03-19 21:23:51,382:INFO: Creating the dataset...
2018-03-19 21:23:51,384:INFO: - done.
2018-03-19 21:23:51,584:INFO: Starting classification
2018-03-19 21:24:08,244:INFO: Creating the dataset...
2018-03-19 21:24:08,245:INFO: - done.
2018-03-19 21:24:08,445:INFO: Starting classification
2018-03-19 21:24:22,141:INFO: Creating the dataset...
2018-03-19 21:24:22,143:INFO: - done.
2018-03-19 21:24:22,337:INFO: Starting classification
2018-03-19 21:24:43,735:INFO: Creating the dataset...
2018-03-19 21:24:43,736:INFO: - done.
2018-03-19 21:24:43,933:INFO: Starting classification
2018-03-19 21:25:00,926:INFO: Creating the dataset...
2018-03-19 21:25:00,928:INFO: - done.
2018-03-19 21:25:01,123:INFO: Starting classification
2018-03-19 21:25:13,584:INFO: Creating the dataset...
2018-03-19 21:25:13,586:INFO: - done.
2018-03-19 21:25:13,781:INFO: Starting classification
2018-03-19 21:25:23,219:INFO: Creating the dataset...
2018-03-19 21:25:23,220:INFO: - done.
2018-03-19 21:25:23,415:INFO: Starting classification
2018-03-19 21:25:36,787:INFO: Creating the dataset...
2018-03-19 21:25:36,789:INFO: - done.
2018-03-19 21:25:36,983:INFO: Starting classification
