2018-03-19 07:56:58,839:INFO: Loading the datasets...
2018-03-19 07:57:00,197:INFO: - done.
2018-03-19 07:57:03,955:INFO: Starting training for 35 epoch(s)
2018-03-19 07:57:03,955:INFO: Epoch 1/35
2018-03-19 08:19:39,774:INFO: - Train metrics: accuracy: 0.458 ; loss: 1.542
2018-03-19 08:19:50,783:INFO: - Eval metrics : accuracy: 0.477 ; loss: 1.437
2018-03-19 08:19:51,481:INFO: - Found new best accuracy
2018-03-19 08:19:51,482:INFO: Epoch 2/35
2018-03-19 08:42:25,668:INFO: - Train metrics: accuracy: 0.572 ; loss: 1.265
2018-03-19 08:42:36,642:INFO: - Eval metrics : accuracy: 0.581 ; loss: 1.161
2018-03-19 08:42:41,593:INFO: - Found new best accuracy
2018-03-19 08:42:41,598:INFO: Epoch 3/35
2018-03-19 09:05:14,768:INFO: - Train metrics: accuracy: 0.686 ; loss: 0.955
2018-03-19 09:05:25,765:INFO: - Eval metrics : accuracy: 0.575 ; loss: 1.215
2018-03-19 09:05:27,916:INFO: Epoch 4/35
2018-03-19 09:28:03,068:INFO: - Train metrics: accuracy: 0.753 ; loss: 0.736
2018-03-19 09:28:14,118:INFO: - Eval metrics : accuracy: 0.449 ; loss: 2.144
2018-03-19 09:28:16,311:INFO: Epoch 5/35
2018-03-19 09:50:51,800:INFO: - Train metrics: accuracy: 0.826 ; loss: 0.539
2018-03-19 09:51:02,775:INFO: - Eval metrics : accuracy: 0.673 ; loss: 1.051
2018-03-19 09:51:07,715:INFO: - Found new best accuracy
2018-03-19 09:51:07,726:INFO: Epoch 6/35
2018-03-19 10:13:40,674:INFO: - Train metrics: accuracy: 0.852 ; loss: 0.474
2018-03-19 10:13:51,617:INFO: - Eval metrics : accuracy: 0.720 ; loss: 0.966
2018-03-19 10:13:56,554:INFO: - Found new best accuracy
2018-03-19 10:13:56,559:INFO: Epoch 7/35
2018-03-19 10:36:29,486:INFO: - Train metrics: accuracy: 0.891 ; loss: 0.324
2018-03-19 10:36:40,460:INFO: - Eval metrics : accuracy: 0.729 ; loss: 0.840
2018-03-19 10:36:45,408:INFO: - Found new best accuracy
2018-03-19 10:36:45,409:INFO: Epoch 8/35
2018-03-19 10:59:18,385:INFO: - Train metrics: accuracy: 0.919 ; loss: 0.247
2018-03-19 10:59:29,389:INFO: - Eval metrics : accuracy: 0.721 ; loss: 0.926
2018-03-19 10:59:31,547:INFO: Epoch 9/35
2018-03-19 11:22:06,065:INFO: - Train metrics: accuracy: 0.923 ; loss: 0.233
2018-03-19 11:22:17,054:INFO: - Eval metrics : accuracy: 0.765 ; loss: 0.855
2018-03-19 11:22:22,004:INFO: - Found new best accuracy
2018-03-19 11:22:22,005:INFO: Epoch 10/35
2018-03-19 11:44:57,046:INFO: - Train metrics: accuracy: 0.938 ; loss: 0.183
2018-03-19 11:45:07,999:INFO: - Eval metrics : accuracy: 0.779 ; loss: 0.765
2018-03-19 11:45:12,932:INFO: - Found new best accuracy
2018-03-19 11:45:12,932:INFO: Epoch 11/35
2018-03-19 12:07:45,587:INFO: - Train metrics: accuracy: 0.948 ; loss: 0.166
2018-03-19 12:07:56,583:INFO: - Eval metrics : accuracy: 0.854 ; loss: 0.491
2018-03-19 12:08:01,613:INFO: - Found new best accuracy
2018-03-19 12:08:01,614:INFO: Epoch 12/35
2018-03-19 12:30:33,407:INFO: - Train metrics: accuracy: 0.947 ; loss: 0.136
2018-03-19 12:30:44,372:INFO: - Eval metrics : accuracy: 0.837 ; loss: 0.562
2018-03-19 12:30:46,521:INFO: Epoch 13/35
2018-03-19 12:53:20,003:INFO: - Train metrics: accuracy: 0.958 ; loss: 0.119
2018-03-19 12:53:30,969:INFO: - Eval metrics : accuracy: 0.798 ; loss: 0.757
2018-03-19 12:53:33,123:INFO: Epoch 14/35
2018-03-19 13:16:06,917:INFO: - Train metrics: accuracy: 0.961 ; loss: 0.104
2018-03-19 13:16:17,894:INFO: - Eval metrics : accuracy: 0.827 ; loss: 0.645
2018-03-19 13:16:20,048:INFO: Epoch 15/35
2018-03-19 13:38:54,266:INFO: - Train metrics: accuracy: 0.968 ; loss: 0.082
2018-03-19 13:39:05,280:INFO: - Eval metrics : accuracy: 0.895 ; loss: 0.359
2018-03-19 13:39:10,219:INFO: - Found new best accuracy
2018-03-19 13:39:10,224:INFO: Epoch 16/35
2018-03-19 14:01:43,791:INFO: - Train metrics: accuracy: 0.967 ; loss: 0.087
2018-03-19 14:01:54,921:INFO: - Eval metrics : accuracy: 0.815 ; loss: 0.682
2018-03-19 14:01:57,136:INFO: Epoch 17/35
2018-03-19 14:24:30,275:INFO: - Train metrics: accuracy: 0.975 ; loss: 0.071
2018-03-19 14:24:41,198:INFO: - Eval metrics : accuracy: 0.860 ; loss: 0.554
2018-03-19 14:24:43,399:INFO: Epoch 18/35
2018-03-19 14:47:16,335:INFO: - Train metrics: accuracy: 0.976 ; loss: 0.067
2018-03-19 14:47:27,288:INFO: - Eval metrics : accuracy: 0.914 ; loss: 0.313
2018-03-19 14:47:32,234:INFO: - Found new best accuracy
2018-03-19 14:47:32,240:INFO: Epoch 19/35
2018-03-19 15:10:04,449:INFO: - Train metrics: accuracy: 0.977 ; loss: 0.068
2018-03-19 15:10:15,403:INFO: - Eval metrics : accuracy: 0.871 ; loss: 0.478
2018-03-19 15:10:17,560:INFO: Epoch 20/35
2018-03-19 15:32:48,896:INFO: - Train metrics: accuracy: 0.980 ; loss: 0.062
2018-03-19 15:32:59,870:INFO: - Eval metrics : accuracy: 0.730 ; loss: 1.248
2018-03-19 15:33:02,021:INFO: Epoch 21/35
2018-03-19 15:55:34,601:INFO: - Train metrics: accuracy: 0.979 ; loss: 0.071
2018-03-19 15:55:45,554:INFO: - Eval metrics : accuracy: 0.685 ; loss: 1.512
2018-03-19 15:55:47,704:INFO: Epoch 22/35
2018-03-19 16:18:20,795:INFO: - Train metrics: accuracy: 0.976 ; loss: 0.070
2018-03-19 16:18:31,805:INFO: - Eval metrics : accuracy: 0.500 ; loss: 4.504
2018-03-19 16:18:34,043:INFO: Epoch 23/35
2018-03-19 16:41:07,014:INFO: - Train metrics: accuracy: 0.979 ; loss: 0.060
2018-03-19 16:41:17,988:INFO: - Eval metrics : accuracy: 0.703 ; loss: 1.572
2018-03-19 16:41:20,145:INFO: Epoch 24/35
2018-03-19 17:03:52,798:INFO: - Train metrics: accuracy: 0.977 ; loss: 0.066
2018-03-19 17:04:03,749:INFO: - Eval metrics : accuracy: 0.896 ; loss: 0.413
2018-03-19 17:04:05,903:INFO: Epoch 25/35
2018-03-19 17:26:38,933:INFO: - Train metrics: accuracy: 0.986 ; loss: 0.046
2018-03-19 17:26:49,879:INFO: - Eval metrics : accuracy: 0.861 ; loss: 0.594
2018-03-19 17:26:52,029:INFO: Epoch 26/35
2018-03-19 17:49:25,255:INFO: - Train metrics: accuracy: 0.981 ; loss: 0.049
2018-03-19 17:49:36,261:INFO: - Eval metrics : accuracy: 0.876 ; loss: 0.496
2018-03-19 17:49:38,558:INFO: Epoch 27/35
2018-03-19 18:12:12,152:INFO: - Train metrics: accuracy: 0.987 ; loss: 0.048
2018-03-19 18:12:23,167:INFO: - Eval metrics : accuracy: 0.766 ; loss: 1.149
2018-03-19 18:12:25,316:INFO: Epoch 28/35
2018-03-19 18:34:58,448:INFO: - Train metrics: accuracy: 0.984 ; loss: 0.042
2018-03-19 18:35:09,614:INFO: - Eval metrics : accuracy: 0.819 ; loss: 0.805
2018-03-19 18:35:11,862:INFO: Epoch 29/35
2018-03-19 18:57:45,123:INFO: - Train metrics: accuracy: 0.987 ; loss: 0.042
2018-03-19 18:57:56,084:INFO: - Eval metrics : accuracy: 0.868 ; loss: 0.551
2018-03-19 18:57:58,245:INFO: Epoch 30/35
2018-03-19 19:20:30,882:INFO: - Train metrics: accuracy: 0.986 ; loss: 0.038
2018-03-19 19:20:41,822:INFO: - Eval metrics : accuracy: 0.913 ; loss: 0.361
2018-03-19 19:20:43,986:INFO: Epoch 31/35
2018-03-19 19:43:16,405:INFO: - Train metrics: accuracy: 0.985 ; loss: 0.048
2018-03-19 19:43:27,349:INFO: - Eval metrics : accuracy: 0.830 ; loss: 0.780
2018-03-19 19:43:29,493:INFO: Epoch 32/35
2018-03-19 20:06:02,957:INFO: - Train metrics: accuracy: 0.979 ; loss: 0.055
2018-03-19 20:06:13,947:INFO: - Eval metrics : accuracy: 0.923 ; loss: 0.291
2018-03-19 20:06:19,231:INFO: - Found new best accuracy
2018-03-19 20:06:19,231:INFO: Epoch 33/35
2018-03-19 20:28:52,434:INFO: - Train metrics: accuracy: 0.989 ; loss: 0.038
2018-03-19 20:29:03,391:INFO: - Eval metrics : accuracy: 0.899 ; loss: 0.438
2018-03-19 20:29:05,543:INFO: Epoch 34/35
2018-03-19 20:51:37,811:INFO: - Train metrics: accuracy: 0.988 ; loss: 0.038
2018-03-19 20:51:48,794:INFO: - Eval metrics : accuracy: 0.920 ; loss: 0.313
2018-03-19 20:51:50,955:INFO: Epoch 35/35
2018-03-19 21:14:23,634:INFO: - Train metrics: accuracy: 0.982 ; loss: 0.047
2018-03-19 21:14:34,594:INFO: - Eval metrics : accuracy: 0.888 ; loss: 0.479
