2018-03-12 12:22:06,263:INFO: Loading the datasets...
2018-03-12 12:22:06,503:INFO: - done.
2018-03-12 12:22:09,107:INFO: Starting training for 15 epoch(s)
2018-03-12 12:22:09,107:INFO: Epoch 1/15
2018-03-12 12:37:28,577:INFO: - Train metrics: accuracy: 0.367 ; loss: 1.705
2018-03-12 12:37:39,810:INFO: - Eval metrics : accuracy: 0.355 ; loss: 1.746
2018-03-12 12:37:40,494:INFO: - Found new best accuracy
2018-03-12 12:37:40,495:INFO: Epoch 2/15
2018-03-12 12:52:59,014:INFO: - Train metrics: accuracy: 0.472 ; loss: 1.509
2018-03-12 12:53:10,239:INFO: - Eval metrics : accuracy: 0.311 ; loss: 2.024
2018-03-12 12:53:12,428:INFO: Epoch 3/15
2018-03-12 13:08:29,883:INFO: - Train metrics: accuracy: 0.517 ; loss: 1.341
2018-03-12 13:08:41,063:INFO: - Eval metrics : accuracy: 0.416 ; loss: 1.873
2018-03-12 13:08:46,044:INFO: - Found new best accuracy
2018-03-12 13:08:46,050:INFO: Epoch 4/15
2018-03-12 13:24:03,164:INFO: - Train metrics: accuracy: 0.626 ; loss: 1.080
2018-03-12 13:24:14,367:INFO: - Eval metrics : accuracy: 0.321 ; loss: 2.506
2018-03-12 13:24:16,553:INFO: Epoch 5/15
2018-03-12 13:39:33,205:INFO: - Train metrics: accuracy: 0.700 ; loss: 0.869
2018-03-12 13:39:44,438:INFO: - Eval metrics : accuracy: 0.702 ; loss: 0.875
2018-03-12 13:39:49,412:INFO: - Found new best accuracy
2018-03-12 13:39:49,417:INFO: Epoch 6/15
2018-03-12 13:55:05,424:INFO: - Train metrics: accuracy: 0.759 ; loss: 0.722
2018-03-12 13:55:16,625:INFO: - Eval metrics : accuracy: 0.437 ; loss: 2.322
2018-03-12 13:55:18,824:INFO: Epoch 7/15
2018-03-12 14:10:34,487:INFO: - Train metrics: accuracy: 0.804 ; loss: 0.567
2018-03-12 14:10:45,696:INFO: - Eval metrics : accuracy: 0.685 ; loss: 1.023
2018-03-12 14:10:47,894:INFO: Epoch 8/15
2018-03-12 14:26:03,681:INFO: - Train metrics: accuracy: 0.870 ; loss: 0.408
2018-03-12 14:26:14,901:INFO: - Eval metrics : accuracy: 0.663 ; loss: 1.257
2018-03-12 14:26:17,099:INFO: Epoch 9/15
2018-03-12 14:41:32,718:INFO: - Train metrics: accuracy: 0.901 ; loss: 0.352
2018-03-12 14:41:43,924:INFO: - Eval metrics : accuracy: 0.727 ; loss: 1.038
2018-03-12 14:41:48,916:INFO: - Found new best accuracy
2018-03-12 14:41:48,921:INFO: Epoch 10/15
2018-03-12 14:57:04,466:INFO: - Train metrics: accuracy: 0.904 ; loss: 0.286
2018-03-12 14:57:15,665:INFO: - Eval metrics : accuracy: 0.680 ; loss: 1.216
2018-03-12 14:57:17,869:INFO: Epoch 11/15
2018-03-12 15:12:33,165:INFO: - Train metrics: accuracy: 0.922 ; loss: 0.214
2018-03-12 15:12:44,359:INFO: - Eval metrics : accuracy: 0.812 ; loss: 0.661
2018-03-12 15:12:49,413:INFO: - Found new best accuracy
2018-03-12 15:12:49,414:INFO: Epoch 12/15
2018-03-12 15:28:04,903:INFO: - Train metrics: accuracy: 0.938 ; loss: 0.180
2018-03-12 15:28:16,109:INFO: - Eval metrics : accuracy: 0.826 ; loss: 0.684
2018-03-12 15:28:21,097:INFO: - Found new best accuracy
2018-03-12 15:28:21,098:INFO: Epoch 13/15
2018-03-12 15:43:36,362:INFO: - Train metrics: accuracy: 0.951 ; loss: 0.136
2018-03-12 15:43:47,575:INFO: - Eval metrics : accuracy: 0.756 ; loss: 0.990
2018-03-12 15:43:49,766:INFO: Epoch 14/15
2018-03-12 15:59:05,353:INFO: - Train metrics: accuracy: 0.950 ; loss: 0.160
2018-03-12 15:59:16,573:INFO: - Eval metrics : accuracy: 0.830 ; loss: 0.682
2018-03-12 15:59:21,567:INFO: - Found new best accuracy
2018-03-12 15:59:21,568:INFO: Epoch 15/15
2018-03-12 16:14:36,977:INFO: - Train metrics: accuracy: 0.943 ; loss: 0.174
2018-03-12 16:14:48,170:INFO: - Eval metrics : accuracy: 0.870 ; loss: 0.508
2018-03-12 16:14:53,154:INFO: - Found new best accuracy
