2018-03-19 22:18:09,696:INFO: Loading the datasets...
2018-03-19 22:18:10,041:INFO: - done.
2018-03-19 22:18:12,491:INFO: Starting training for 35 epoch(s)
2018-03-19 22:18:12,492:INFO: Epoch 1/35
2018-03-19 22:40:44,917:INFO: - Train metrics: accuracy: 0.455 ; loss: 1.540
2018-03-19 22:40:55,876:INFO: - Eval metrics : accuracy: 0.460 ; loss: 1.522
2018-03-19 22:40:56,501:INFO: - Found new best accuracy
2018-03-19 22:40:56,502:INFO: Epoch 2/35
2018-03-19 23:03:30,571:INFO: - Train metrics: accuracy: 0.560 ; loss: 1.262
2018-03-19 23:03:41,510:INFO: - Eval metrics : accuracy: 0.551 ; loss: 1.265
2018-03-19 23:03:46,458:INFO: - Found new best accuracy
2018-03-19 23:03:46,459:INFO: Epoch 3/35
2018-03-19 23:26:19,919:INFO: - Train metrics: accuracy: 0.684 ; loss: 0.934
2018-03-19 23:26:30,859:INFO: - Eval metrics : accuracy: 0.686 ; loss: 0.914
2018-03-19 23:26:35,792:INFO: - Found new best accuracy
2018-03-19 23:26:35,797:INFO: Epoch 4/35
2018-03-19 23:49:09,116:INFO: - Train metrics: accuracy: 0.758 ; loss: 0.722
2018-03-19 23:49:20,166:INFO: - Eval metrics : accuracy: 0.723 ; loss: 0.801
2018-03-19 23:49:25,146:INFO: - Found new best accuracy
2018-03-19 23:49:25,151:INFO: Epoch 5/35
2018-03-20 00:11:57,367:INFO: - Train metrics: accuracy: 0.812 ; loss: 0.546
2018-03-20 00:12:08,342:INFO: - Eval metrics : accuracy: 0.711 ; loss: 0.888
2018-03-20 00:12:10,486:INFO: Epoch 6/35
2018-03-20 00:34:43,040:INFO: - Train metrics: accuracy: 0.845 ; loss: 0.476
2018-03-20 00:34:53,989:INFO: - Eval metrics : accuracy: 0.756 ; loss: 0.747
2018-03-20 00:34:58,927:INFO: - Found new best accuracy
2018-03-20 00:34:58,927:INFO: Epoch 7/35
2018-03-20 00:57:30,179:INFO: - Train metrics: accuracy: 0.898 ; loss: 0.318
2018-03-20 00:57:41,141:INFO: - Eval metrics : accuracy: 0.742 ; loss: 0.826
2018-03-20 00:57:43,293:INFO: Epoch 8/35
2018-03-20 01:20:15,716:INFO: - Train metrics: accuracy: 0.909 ; loss: 0.256
2018-03-20 01:20:26,693:INFO: - Eval metrics : accuracy: 0.858 ; loss: 0.441
2018-03-20 01:20:31,694:INFO: - Found new best accuracy
2018-03-20 01:20:31,700:INFO: Epoch 9/35
2018-03-20 01:43:03,357:INFO: - Train metrics: accuracy: 0.932 ; loss: 0.220
2018-03-20 01:43:14,309:INFO: - Eval metrics : accuracy: 0.815 ; loss: 0.627
2018-03-20 01:43:16,455:INFO: Epoch 10/35
2018-03-20 02:05:48,386:INFO: - Train metrics: accuracy: 0.942 ; loss: 0.164
2018-03-20 02:05:59,349:INFO: - Eval metrics : accuracy: 0.697 ; loss: 1.224
2018-03-20 02:06:01,489:INFO: Epoch 11/35
2018-03-20 02:28:33,659:INFO: - Train metrics: accuracy: 0.951 ; loss: 0.163
2018-03-20 02:28:44,625:INFO: - Eval metrics : accuracy: 0.776 ; loss: 0.787
2018-03-20 02:28:46,780:INFO: Epoch 12/35
2018-03-20 02:51:18,424:INFO: - Train metrics: accuracy: 0.943 ; loss: 0.152
2018-03-20 02:51:29,393:INFO: - Eval metrics : accuracy: 0.837 ; loss: 0.535
2018-03-20 02:51:31,539:INFO: Epoch 13/35
2018-03-20 03:14:03,255:INFO: - Train metrics: accuracy: 0.951 ; loss: 0.146
2018-03-20 03:14:14,208:INFO: - Eval metrics : accuracy: 0.596 ; loss: 2.028
2018-03-20 03:14:16,356:INFO: Epoch 14/35
2018-03-20 03:36:47,427:INFO: - Train metrics: accuracy: 0.963 ; loss: 0.110
2018-03-20 03:36:58,379:INFO: - Eval metrics : accuracy: 0.702 ; loss: 1.202
2018-03-20 03:37:00,529:INFO: Epoch 15/35
2018-03-20 03:59:32,130:INFO: - Train metrics: accuracy: 0.970 ; loss: 0.089
2018-03-20 03:59:43,078:INFO: - Eval metrics : accuracy: 0.810 ; loss: 0.722
2018-03-20 03:59:45,227:INFO: Epoch 16/35
2018-03-20 04:22:16,138:INFO: - Train metrics: accuracy: 0.953 ; loss: 0.129
2018-03-20 04:22:27,253:INFO: - Eval metrics : accuracy: 0.756 ; loss: 1.008
2018-03-20 04:22:29,476:INFO: Epoch 17/35
2018-03-20 04:45:01,370:INFO: - Train metrics: accuracy: 0.970 ; loss: 0.100
2018-03-20 04:45:12,382:INFO: - Eval metrics : accuracy: 0.748 ; loss: 1.075
2018-03-20 04:45:14,559:INFO: Epoch 18/35
2018-03-20 05:07:46,623:INFO: - Train metrics: accuracy: 0.969 ; loss: 0.089
2018-03-20 05:07:57,579:INFO: - Eval metrics : accuracy: 0.885 ; loss: 0.388
2018-03-20 05:08:03,041:INFO: - Found new best accuracy
2018-03-20 05:08:03,041:INFO: Epoch 19/35
2018-03-20 05:30:33,628:INFO: - Train metrics: accuracy: 0.970 ; loss: 0.102
2018-03-20 05:30:44,601:INFO: - Eval metrics : accuracy: 0.638 ; loss: 1.810
2018-03-20 05:30:46,749:INFO: Epoch 20/35
2018-03-20 05:53:18,417:INFO: - Train metrics: accuracy: 0.969 ; loss: 0.079
2018-03-20 05:53:29,364:INFO: - Eval metrics : accuracy: 0.766 ; loss: 1.024
2018-03-20 05:53:31,512:INFO: Epoch 21/35
2018-03-20 06:16:02,140:INFO: - Train metrics: accuracy: 0.972 ; loss: 0.083
2018-03-20 06:16:13,116:INFO: - Eval metrics : accuracy: 0.892 ; loss: 0.409
2018-03-20 06:16:18,060:INFO: - Found new best accuracy
2018-03-20 06:16:18,060:INFO: Epoch 22/35
2018-03-20 06:38:49,137:INFO: - Train metrics: accuracy: 0.964 ; loss: 0.101
2018-03-20 06:39:00,114:INFO: - Eval metrics : accuracy: 0.721 ; loss: 1.379
2018-03-20 06:39:02,273:INFO: Epoch 23/35
2018-03-20 07:01:34,489:INFO: - Train metrics: accuracy: 0.978 ; loss: 0.066
2018-03-20 07:01:45,491:INFO: - Eval metrics : accuracy: 0.901 ; loss: 0.369
2018-03-20 07:01:50,819:INFO: - Found new best accuracy
2018-03-20 07:01:50,820:INFO: Epoch 24/35
2018-03-20 07:24:22,510:INFO: - Train metrics: accuracy: 0.981 ; loss: 0.066
2018-03-20 07:24:33,559:INFO: - Eval metrics : accuracy: 0.918 ; loss: 0.288
2018-03-20 07:24:38,503:INFO: - Found new best accuracy
2018-03-20 07:24:38,504:INFO: Epoch 25/35
2018-03-20 07:47:10,093:INFO: - Train metrics: accuracy: 0.976 ; loss: 0.072
2018-03-20 07:47:21,117:INFO: - Eval metrics : accuracy: 0.686 ; loss: 1.841
2018-03-20 07:47:23,262:INFO: Epoch 26/35
2018-03-20 08:09:55,389:INFO: - Train metrics: accuracy: 0.980 ; loss: 0.055
2018-03-20 08:10:06,393:INFO: - Eval metrics : accuracy: 0.798 ; loss: 0.940
2018-03-20 08:10:08,559:INFO: Epoch 27/35
2018-03-20 08:32:39,523:INFO: - Train metrics: accuracy: 0.977 ; loss: 0.067
2018-03-20 08:32:50,545:INFO: - Eval metrics : accuracy: 0.870 ; loss: 0.473
2018-03-20 08:32:52,696:INFO: Epoch 28/35
2018-03-20 08:55:23,410:INFO: - Train metrics: accuracy: 0.976 ; loss: 0.067
2018-03-20 08:55:34,584:INFO: - Eval metrics : accuracy: 0.902 ; loss: 0.368
2018-03-20 08:55:36,826:INFO: Epoch 29/35
2018-03-20 09:18:06,196:INFO: - Train metrics: accuracy: 0.978 ; loss: 0.056
2018-03-20 09:18:17,208:INFO: - Eval metrics : accuracy: 0.926 ; loss: 0.275
2018-03-20 09:18:22,147:INFO: - Found new best accuracy
2018-03-20 09:18:22,153:INFO: Epoch 30/35
2018-03-20 09:40:51,419:INFO: - Train metrics: accuracy: 0.981 ; loss: 0.058
2018-03-20 09:41:02,413:INFO: - Eval metrics : accuracy: 0.869 ; loss: 0.548
2018-03-20 09:41:04,560:INFO: Epoch 31/35
2018-03-20 10:03:33,750:INFO: - Train metrics: accuracy: 0.977 ; loss: 0.063
2018-03-20 10:03:44,688:INFO: - Eval metrics : accuracy: 0.868 ; loss: 0.481
2018-03-20 10:03:46,840:INFO: Epoch 32/35
2018-03-20 10:26:16,123:INFO: - Train metrics: accuracy: 0.976 ; loss: 0.061
2018-03-20 10:26:27,023:INFO: - Eval metrics : accuracy: 0.913 ; loss: 0.340
2018-03-20 10:26:29,180:INFO: Epoch 33/35
2018-03-20 10:48:57,303:INFO: - Train metrics: accuracy: 0.978 ; loss: 0.060
2018-03-20 10:49:08,303:INFO: - Eval metrics : accuracy: 0.897 ; loss: 0.390
2018-03-20 10:49:10,457:INFO: Epoch 34/35
2018-03-20 11:11:38,168:INFO: - Train metrics: accuracy: 0.981 ; loss: 0.062
2018-03-20 11:11:49,140:INFO: - Eval metrics : accuracy: 0.847 ; loss: 0.626
2018-03-20 11:11:51,285:INFO: Epoch 35/35
2018-03-20 11:34:20,391:INFO: - Train metrics: accuracy: 0.985 ; loss: 0.048
2018-03-20 11:34:31,333:INFO: - Eval metrics : accuracy: 0.861 ; loss: 0.533
