2018-03-14 17:49:44,239:INFO: Loading the datasets...
2018-03-14 17:49:44,590:INFO: - done.
2018-03-14 17:49:47,023:INFO: Starting training for 20 epoch(s)
2018-03-14 17:49:47,023:INFO: Epoch 1/20
2018-03-14 18:11:32,092:INFO: - Train metrics: accuracy: 0.361 ; loss: 1.769
2018-03-14 18:11:42,577:INFO: - Eval metrics : accuracy: 0.380 ; loss: 1.676
2018-03-14 18:11:43,166:INFO: - Found new best accuracy
2018-03-14 18:11:43,167:INFO: Epoch 2/20
2018-03-14 18:32:50,533:INFO: - Train metrics: accuracy: 0.437 ; loss: 1.576
2018-03-14 18:33:00,898:INFO: - Eval metrics : accuracy: 0.264 ; loss: 2.357
2018-03-14 18:33:03,039:INFO: Epoch 3/20
2018-03-14 18:54:01,559:INFO: - Train metrics: accuracy: 0.488 ; loss: 1.478
2018-03-14 18:54:11,952:INFO: - Eval metrics : accuracy: 0.506 ; loss: 1.377
2018-03-14 18:54:16,877:INFO: - Found new best accuracy
2018-03-14 18:54:16,883:INFO: Epoch 4/20
2018-03-14 19:15:23,237:INFO: - Train metrics: accuracy: 0.556 ; loss: 1.333
2018-03-14 19:15:33,661:INFO: - Eval metrics : accuracy: 0.315 ; loss: 1.965
2018-03-14 19:15:35,802:INFO: Epoch 5/20
2018-03-14 19:36:51,328:INFO: - Train metrics: accuracy: 0.557 ; loss: 1.337
2018-03-14 19:37:01,773:INFO: - Eval metrics : accuracy: 0.374 ; loss: 1.739
2018-03-14 19:37:03,913:INFO: Epoch 6/20
2018-03-14 19:58:19,376:INFO: - Train metrics: accuracy: 0.546 ; loss: 1.317
2018-03-14 19:58:29,813:INFO: - Eval metrics : accuracy: 0.469 ; loss: 1.517
2018-03-14 19:58:31,951:INFO: Epoch 7/20
2018-03-14 20:19:46,442:INFO: - Train metrics: accuracy: 0.562 ; loss: 1.315
2018-03-14 20:19:56,867:INFO: - Eval metrics : accuracy: 0.520 ; loss: 1.354
2018-03-14 20:20:01,799:INFO: - Found new best accuracy
2018-03-14 20:20:01,800:INFO: Epoch 8/20
2018-03-14 20:41:16,538:INFO: - Train metrics: accuracy: 0.558 ; loss: 1.300
2018-03-14 20:41:26,972:INFO: - Eval metrics : accuracy: 0.473 ; loss: 1.479
2018-03-14 20:41:29,113:INFO: Epoch 9/20
2018-03-14 21:02:43,460:INFO: - Train metrics: accuracy: 0.572 ; loss: 1.272
2018-03-14 21:02:53,904:INFO: - Eval metrics : accuracy: 0.505 ; loss: 1.390
2018-03-14 21:02:56,044:INFO: Epoch 10/20
2018-03-14 21:24:10,171:INFO: - Train metrics: accuracy: 0.577 ; loss: 1.260
2018-03-14 21:24:20,607:INFO: - Eval metrics : accuracy: 0.512 ; loss: 1.379
2018-03-14 21:24:22,746:INFO: Epoch 11/20
2018-03-14 21:45:36,149:INFO: - Train metrics: accuracy: 0.578 ; loss: 1.230
2018-03-14 21:45:46,587:INFO: - Eval metrics : accuracy: 0.362 ; loss: 1.879
2018-03-14 21:45:48,765:INFO: Epoch 12/20
2018-03-14 22:06:59,798:INFO: - Train metrics: accuracy: 0.579 ; loss: 1.234
2018-03-14 22:07:10,245:INFO: - Eval metrics : accuracy: 0.499 ; loss: 1.449
2018-03-14 22:07:12,384:INFO: Epoch 13/20
2018-03-14 22:28:26,220:INFO: - Train metrics: accuracy: 0.597 ; loss: 1.186
2018-03-14 22:28:36,647:INFO: - Eval metrics : accuracy: 0.488 ; loss: 1.469
2018-03-14 22:28:38,790:INFO: Epoch 14/20
2018-03-14 22:49:53,087:INFO: - Train metrics: accuracy: 0.567 ; loss: 1.252
2018-03-14 22:50:03,537:INFO: - Eval metrics : accuracy: 0.442 ; loss: 1.609
2018-03-14 22:50:05,674:INFO: Epoch 15/20
2018-03-14 23:11:19,099:INFO: - Train metrics: accuracy: 0.587 ; loss: 1.217
2018-03-14 23:11:29,520:INFO: - Eval metrics : accuracy: 0.429 ; loss: 1.694
2018-03-14 23:11:31,703:INFO: Epoch 16/20
2018-03-14 23:32:43,135:INFO: - Train metrics: accuracy: 0.581 ; loss: 1.214
2018-03-14 23:32:53,566:INFO: - Eval metrics : accuracy: 0.479 ; loss: 1.496
2018-03-14 23:32:55,705:INFO: Epoch 17/20
2018-03-14 23:54:09,815:INFO: - Train metrics: accuracy: 0.589 ; loss: 1.194
2018-03-14 23:54:20,270:INFO: - Eval metrics : accuracy: 0.455 ; loss: 1.676
2018-03-14 23:54:22,411:INFO: Epoch 18/20
2018-03-15 00:15:38,254:INFO: - Train metrics: accuracy: 0.575 ; loss: 1.246
2018-03-15 00:15:48,696:INFO: - Eval metrics : accuracy: 0.543 ; loss: 1.317
2018-03-15 00:15:53,633:INFO: - Found new best accuracy
2018-03-15 00:15:53,633:INFO: Epoch 19/20
2018-03-15 00:37:08,134:INFO: - Train metrics: accuracy: 0.598 ; loss: 1.169
2018-03-15 00:37:18,594:INFO: - Eval metrics : accuracy: 0.570 ; loss: 1.223
2018-03-15 00:37:23,529:INFO: - Found new best accuracy
2018-03-15 00:37:23,529:INFO: Epoch 20/20
2018-03-15 00:58:37,087:INFO: - Train metrics: accuracy: 0.600 ; loss: 1.195
2018-03-15 00:58:47,531:INFO: - Eval metrics : accuracy: 0.578 ; loss: 1.194
2018-03-15 00:58:52,461:INFO: - Found new best accuracy
